Fri Dec 19 16:37:12 2025: Starting Main...
Fri Dec 19 16:37:12 2025: Not admin, requesting elevation...
Fri Dec 19 16:37:15 2025: Starting Main...
Fri Dec 19 16:37:15 2025: In Admin Mode. Importing components...
Fri Dec 19 16:37:15 2025: Components initialized. Starting Observer...
Fri Dec 19 16:37:15 2025: Observer Started. Initializing Tray...
Fri Dec 19 16:37:15 2025: Tray Initialized. Entering Main Loop...
Fri Dec 19 16:39:03 2025: Tray.run() returned (Exiting).
Fri Dec 19 16:41:36 2025: Starting Main...
Fri Dec 19 16:41:36 2025: Not admin, requesting elevation...
Fri Dec 19 16:41:39 2025: Starting Main...
Fri Dec 19 16:41:39 2025: In Admin Mode. Importing components...
Fri Dec 19 16:41:39 2025: Components initialized. Starting Observer...
Fri Dec 19 16:41:39 2025: Observer Started. Initializing Tray...
Fri Dec 19 16:41:39 2025: Tray Initialized. Entering Main Loop...
Fri Dec 19 16:43:23 2025: Starting Main...
Fri Dec 19 16:43:23 2025: Not admin, requesting elevation...
Fri Dec 19 16:43:26 2025: Starting Main...
Fri Dec 19 16:43:26 2025: In Admin Mode. Importing components...
Fri Dec 19 16:43:26 2025: Components initialized. Starting Observer...
Fri Dec 19 16:43:27 2025: Observer Started. Initializing Tray...
Fri Dec 19 16:43:27 2025: Tray Initialized. Entering Main Loop...
Fri Dec 19 16:50:34 2025: Starting Main...
Fri Dec 19 16:50:34 2025: Not admin, requesting elevation...
Fri Dec 19 16:50:37 2025: Starting Main...
Fri Dec 19 16:50:37 2025: In Admin Mode. Importing components...
Fri Dec 19 16:50:37 2025: Components initialized. Starting Observer...
Fri Dec 19 16:50:37 2025: Observer Started. Initializing Tray...
Fri Dec 19 16:50:37 2025: Tray Initialized. Entering Main Loop...
Fri Dec 19 16:59:42 2025: Starting Main...
Fri Dec 19 16:59:42 2025: Not admin, requesting elevation...
Fri Dec 19 16:59:45 2025: Starting Main...
Fri Dec 19 16:59:45 2025: In Admin Mode. Importing components...
Fri Dec 19 16:59:45 2025: Components initialized. Starting Observer...
Fri Dec 19 16:59:45 2025: Observer Started. Initializing Tray...
Fri Dec 19 16:59:45 2025: Tray Initialized. Entering Main Loop...
Fri Dec 19 17:06:09 2025: Starting Main...
Fri Dec 19 17:06:09 2025: Not admin, requesting elevation...
Fri Dec 19 17:06:13 2025: Starting Main...
Fri Dec 19 17:06:13 2025: In Admin Mode. Importing components...
Fri Dec 19 17:06:13 2025: Components initialized. Starting Observer...
Fri Dec 19 17:06:14 2025: Observer Started. Initializing Tray...
Fri Dec 19 17:06:14 2025: Tray Initialized. Entering Main Loop...
Fri Dec 19 17:12:10 2025: Starting Main...
Fri Dec 19 17:12:10 2025: Not admin, requesting elevation...
Fri Dec 19 17:12:12 2025: Starting Main...
Fri Dec 19 17:12:12 2025: In Admin Mode. Importing components...
Fri Dec 19 17:12:12 2025: Components initialized. Starting Observer...
Fri Dec 19 17:12:12 2025: Observer Started. Initializing Tray...
Fri Dec 19 17:12:12 2025: Tray Initialized. Entering Main Loop...
Fri Dec 19 17:17:00 2025: Starting Main...
Fri Dec 19 17:17:00 2025: Not admin, requesting elevation...
Fri Dec 19 17:17:03 2025: Starting Main...
Fri Dec 19 17:17:03 2025: In Admin Mode. Importing components...
Fri Dec 19 17:17:04 2025: Components initialized. Starting Observer...
Fri Dec 19 17:17:04 2025: CRITICAL ERROR: Traceback (most recent call last):
  File "src/main.py", line 51, in main
    observer.start()
  File "C:\Users\vanes\THI\Vibe Coding\Project Babel\src\core\observer.py", line 49, in start
    threading.Thread(target=self._zoom_worker, daemon=True).start()
AttributeError: 'InputObserver' object has no attribute '_zoom_worker'

Fri Dec 19 17:18:04 2025: Starting Main...
Fri Dec 19 17:18:04 2025: Not admin, requesting elevation...
Fri Dec 19 17:18:06 2025: Starting Main...
Fri Dec 19 17:18:06 2025: In Admin Mode. Importing components...
Fri Dec 19 17:18:06 2025: Components initialized. Starting Observer...
Fri Dec 19 17:18:06 2025: Observer Started. Initializing Tray...
Fri Dec 19 17:18:06 2025: Tray Initialized. Entering Main Loop...
Fri Dec 19 17:21:35 2025: Starting Main...
Fri Dec 19 17:21:35 2025: Not admin, requesting elevation...
Fri Dec 19 17:21:37 2025: Starting Main...
Fri Dec 19 17:21:37 2025: In Admin Mode. Importing components...
Fri Dec 19 17:21:37 2025: Components initialized. Starting Observer...
Fri Dec 19 17:21:37 2025: Observer Started. Initializing Tray...
Targets: ['figma'])
Fri Dec 19 17:21:37 2025: Tray Initialized. Entering Main Loop...
Fri Dec 19 17:21:49 2025 [OBSERVER]: Context changed to INACTIVE (Targets: ['figma'])
Fri Dec 19 17:21:54 2025 [OBSERVER]: Context changed to ACTIVE (Targets: ['figma'])
Fri Dec 19 17:21:54 2025 [OBSERVER]: Context changed to ACTIVE (Targets: ['figma'])
Fri Dec 19 17:22:06 2025 [OBSERVER]: Context changed to INACTIVE (Targets: ['figma'])
Fri Dec 19 17:22:06 2025 [OBSERVER]: Context changed to INACTIVE (Targets: ['figma'])
Fri Dec 19 17:22:08 2025 [OBSERVER]: Context changed to INACTIVE (Targets: ['photoshop'])
Fri Dec 19 17:22:10 2025 [OBSERVER]: Context changed to ACTIVE (Targets: ['photoshop'])
Fri Dec 19 17:22:10 2025 [OBSERVER]: Context changed to ACTIVE (Targets: ['photoshop'])
Fri Dec 19 17:22:10 2025 [OBSERVER]: Context changed to ACTIVE (Targets: ['photoshop'])
Fri Dec 19 17:22:21 2025 [OBSERVER]: Context changed to INACTIVE (Targets: ['photoshop'])
Fri Dec 19 17:22:21 2025 [OBSERVER]: Context changed to INACTIVE (Targets: ['photoshop'])
Fri Dec 19 17:22:21 2025 [OBSERVER]: Context changed to INACTIVE (Targets: ['photoshop'])
Fri Dec 19 17:24:26 2025: Starting Main...
Fri Dec 19 17:24:26 2025: Not admin, requesting elevation...
Fri Dec 19 17:24:28 2025: Starting Main...
Fri Dec 19 17:24:28 2025: In Admin Mode. Importing components...
Fri Dec 19 17:24:28 2025: Components initialized. Starting Observer...
Fri Dec 19 17:24:28 2025 [OBSERVER]: Context changed to INACTIVE (Targets: ['photoshop'])
Fri Dec 19 17:24:28 2025: Observer Started. Initializing Tray...
Fri Dec 19 17:24:29 2025: Tray Initialized. Entering Main Loop...
Fri Dec 19 17:24:29 2025 [OBSERVER]: RAW MOUSE EVENT msg=0x200
Fri Dec 19 17:24:29 2025 [OBSERVER]: RAW MOUSE EVENT msg=0x200
Fri Dec 19 17:24:29 2025 [OBSERVER]: RAW MOUSE EVENT msg=0x200
Fri Dec 19 17:24:29 2025 [OBSERVER]: RAW MOUSE EVENT msg=0x200
Fri Dec 19 17:24:29 2025 [OBSERVER]: RAW MOUSE EVENT msg=0x200
Fri Dec 19 17:24:29 2025 [OBSERVER]: RAW MOUSE EVENT msg=0x200
Fri Dec 19 17:24:29 2025 [OBSERVER]: RAW MOUSE EVENT msg=0x200
Fri Dec 19 17:24:29 2025 [OBSERVER]: RAW MOUSE EVENT msg=0x200
Fri Dec 19 17:24:29 2025 [OBSERVER]: RAW MOUSE EVENT msg=0x200
Fri Dec 19 17:24:29 2025 [OBSERVER]: RAW MOUSE EVENT msg=0x200
Fri Dec 19 17:24:29 2025 [OBSERVER]: RAW MOUSE EVENT msg=0x200
Fri Dec 19 17:24:29 2025 [OBSERVER]: RAW MOUSE EVENT msg=0x200
Fri Dec 19 17:24:29 2025 [OBSERVER]: RAW MOUSE EVENT msg=0x200
Fri Dec 19 17:24:29 2025 [OBSERVER]: RAW MOUSE EVENT msg=0x200
Fri Dec 19 17:24:29 2025 [OBSERVER]: RAW MOUSE EVENT msg=0x200
Fri Dec 19 17:24:29 2025 [OBSERVER]: RAW MOUSE EVENT msg=0x200
Fri Dec 19 17:24:29 2025 [OBSERVER]: RAW MOUSE EVENT msg=0x200
Fri Dec 19 17:24:29 2025 [OBSERVER]: RAW MOUSE EVENT msg=0x200
Fri Dec 19 17:24:29 2025 [OBSERVER]: RAW MOUSE EVENT msg=0x200
Fri Dec 19 17:24:29 2025 [OBSERVER]: RAW MOUSE EVENT msg=0x200
Fri Dec 19 17:24:29 2025 [OBSERVER]: RAW MOUSE EVENT msg=0x200
Fri Dec 19 17:24:29 2025 [OBSERVER]: RAW MOUSE EVENT msg=0x200
Fri Dec 19 17:24:29 2025 [OBSERVER]: RAW MOUSE EVENT msg=0x200
Fri Dec 19 17:24:29 2025 [OBSERVER]: RAW MOUSE EVENT msg=0x200
Fri Dec 19 17:24:29 2025 [OBSERVER]: RAW MOUSE EVENT msg=0x200
Fri Dec 19 17:24:29 2025 [OBSERVER]: RAW MOUSE EVENT msg=0x200
Fri Dec 19 17:24:29 2025 [OBSERVER]: RAW MOUSE EVENT msg=0x200
Fri Dec 19 17:24:29 2025 [OBSERVER]: RAW MOUSE EVENT msg=0x200
Fri Dec 19 17:24:29 2025 [OBSERVER]: RAW MOUSE EVENT msg=0x200
Fri Dec 19 17:24:29 2025 [OBSERVER]: RAW MOUSE EVENT msg=0x200
Fri Dec 19 17:24:29 2025 [OBSERVER]: RAW MOUSE EVENT msg=0x200
Fri Dec 19 17:24:29 2025 [OBSERVER]: RAW MOUSE EVENT msg=0x200
Fri Dec 19 17:24:29 2025 [OBSERVER]: RAW MOUSE EVENT msg=0x200
Fri Dec 19 17:24:29 2025 [OBSERVER]: RAW MOUSE EVENT msg=0x200
Fri Dec 19 17:24:29 2025 [OBSERVER]: RAW MOUSE EVENT msg=0x200
Fri Dec 19 17:24:29 2025 [OBSERVER]: RAW MOUSE EVENT msg=0x200
Fri Dec 19 17:24:29 2025 [OBSERVER]: RAW MOUSE EVENT msg=0x200
Fri Dec 19 17:24:29 2025 [OBSERVER]: RAW MOUSE EVENT msg=0x200
Fri Dec 19 17:24:29 2025 [OBSERVER]: RAW MOUSE EVENT msg=0x200
Fri Dec 19 17:24:29 2025 [OBSERVER]: RAW MOUSE EVENT msg=0x200
Fri Dec 19 17:24:29 2025 [OBSERVER]: RAW MOUSE EVENT msg=0x200
Fri Dec 19 17:24:29 2025 [OBSERVER]: RAW MOUSE EVENT msg=0x200
Fri Dec 19 17:24:29 2025 [OBSERVER]: RAW MOUSE EVENT msg=0x200
Fri Dec 19 17:24:29 2025 [OBSERVER]: RAW MOUSE EVENT msg=0x200
Fri Dec 19 17:24:29 2025 [OBSERVER]: RAW MOUSE EVENT msg=0x200
Fri Dec 19 17:24:29 2025 [OBSERVER]: RAW MOUSE EVENT msg=0x200
Fri Dec 19 17:24:29 2025 [OBSERVER]: RAW MOUSE EVENT msg=0x200
Fri Dec 19 17:24:29 2025 [OBSERVER]: RAW MOUSE EVENT msg=0x200
Fri Dec 19 17:24:29 2025 [OBSERVER]: RAW MOUSE EVENT msg=0x200
Fri Dec 19 17:24:29 2025 [OBSERVER]: RAW MOUSE EVENT msg=0x200
Fri Dec 19 17:24:45 2025 [OBSERVER]: Context changed to ACTIVE (Targets: ['photoshop'])
Fri Dec 19 17:24:51 2025 [OBSERVER]: Zoom Triggered! Sticky=False
Fri Dec 19 17:24:51 2025 [OBSERVER]: Zoom Triggered! Sticky=True
Fri Dec 19 17:24:51 2025 [OBSERVER]: Zoom Triggered! Sticky=True
Fri Dec 19 17:24:51 2025 [OBSERVER]: Zoom Triggered! Sticky=True
Fri Dec 19 17:24:51 2025 [OBSERVER]: Zoom Triggered! Sticky=True
Fri Dec 19 17:24:51 2025 [OBSERVER]: Zoom Triggered! Sticky=True
Fri Dec 19 17:24:51 2025 [OBSERVER]: Zoom Triggered! Sticky=True
Fri Dec 19 17:24:53 2025 [OBSERVER]: Zoom Triggered! Sticky=False
Fri Dec 19 17:24:53 2025 [OBSERVER]: Zoom Triggered! Sticky=True
Fri Dec 19 17:24:53 2025 [OBSERVER]: Zoom Triggered! Sticky=True
Fri Dec 19 17:24:53 2025 [OBSERVER]: Zoom Triggered! Sticky=True
Fri Dec 19 17:24:53 2025 [OBSERVER]: Zoom Triggered! Sticky=True
Fri Dec 19 17:24:53 2025 [OBSERVER]: Zoom Triggered! Sticky=True
Fri Dec 19 17:24:53 2025 [OBSERVER]: Zoom Triggered! Sticky=True
Fri Dec 19 17:24:53 2025 [OBSERVER]: Zoom Triggered! Sticky=True
Fri Dec 19 17:24:53 2025 [OBSERVER]: Zoom Triggered! Sticky=True
Fri Dec 19 17:24:53 2025 [OBSERVER]: Zoom Triggered! Sticky=True
Fri Dec 19 17:24:53 2025 [OBSERVER]: Zoom Triggered! Sticky=True
Fri Dec 19 17:24:53 2025 [OBSERVER]: Zoom Triggered! Sticky=True
Fri Dec 19 17:24:53 2025 [OBSERVER]: Zoom Triggered! Sticky=True
Fri Dec 19 17:24:53 2025 [OBSERVER]: Zoom Triggered! Sticky=True
Fri Dec 19 17:24:53 2025 [OBSERVER]: Zoom Triggered! Sticky=True
Fri Dec 19 17:24:53 2025 [OBSERVER]: Zoom Triggered! Sticky=True
Fri Dec 19 17:24:54 2025 [OBSERVER]: Zoom Triggered! Sticky=True
Fri Dec 19 17:24:58 2025 [OBSERVER]: Zoom Triggered! Sticky=False
Fri Dec 19 17:24:58 2025 [OBSERVER]: Zoom Triggered! Sticky=True
Fri Dec 19 17:24:58 2025 [OBSERVER]: Zoom Triggered! Sticky=True
Fri Dec 19 17:24:58 2025 [OBSERVER]: Zoom Triggered! Sticky=True
Fri Dec 19 17:24:58 2025 [OBSERVER]: Zoom Triggered! Sticky=True
Fri Dec 19 17:24:58 2025 [OBSERVER]: Zoom Triggered! Sticky=True
Fri Dec 19 17:24:58 2025 [OBSERVER]: Zoom Triggered! Sticky=True
Fri Dec 19 17:24:58 2025 [OBSERVER]: Zoom Triggered! Sticky=True
Fri Dec 19 17:24:58 2025 [OBSERVER]: Zoom Triggered! Sticky=True
Fri Dec 19 17:24:58 2025 [OBSERVER]: Zoom Triggered! Sticky=True
Fri Dec 19 17:25:11 2025 [OBSERVER]: Context changed to INACTIVE (Targets: ['photoshop'])
